<?xml version="1.0" encoding="UTF-8"?>
<!-- Generated by org.testng.reporters.JUnitReportReporter -->
<testsuite hostname="abby" failures="0" tests="1" name="ui.SignupTestCustomer" time="35.842" errors="0" timestamp="2021-11-14T10:55:17 IST" skipped="0">
  <testcase classname="ui.SignupTestCustomer" name="signUp" time="35.842"/>
  <system-out/>
</testsuite> <!-- ui.SignupTestCustomer -->
