<?xml version="1.0" encoding="UTF-8"?>
<!-- Generated by org.testng.reporters.JUnitReportReporter -->
<testsuite hostname="abby" failures="0" tests="1" name="ui.ForgotPasswordOtpTest" time="23.054" errors="0" timestamp="2021-11-13T12:06:59 IST" skipped="0">
  <testcase classname="ui.ForgotPasswordOtpTest" name="OtpTest" time="23.054"/>
  <system-out>
    <![CDATA[website succeesfully opened
customer login page working
 succeesfully password reset
Login with password link also working]]>
  </system-out>
</testsuite> <!-- ui.ForgotPasswordOtpTest -->
