<?xml version="1.0" encoding="UTF-8"?>
<!-- Generated by org.testng.reporters.JUnitReportReporter -->
<testsuite hostname="abby" failures="0" tests="1" name="ui.SearchTest" time="41.667" errors="0" timestamp="2021-11-14T10:57:58 IST" skipped="0">
  <testcase classname="ui.SearchTest" name="LoginCust" time="41.667"/>
  <system-out>
    <![CDATA[website succeesfully opened
customer login page working
 succeesfully logged in
origin city kolkata
destination city bangalore
date of travel 19 november
4 passengers business class 2 infants
search is working properly]]>
  </system-out>
</testsuite> <!-- ui.SearchTest -->
