<?xml version="1.0" encoding="UTF-8"?>
<!-- Generated by org.testng.reporters.JUnitReportReporter -->
<testsuite hostname="abby" failures="0" tests="1" name="ui.SignupTestCorporate" time="30.963" errors="0" timestamp="2021-11-14T10:56:10 IST" skipped="0">
  <testcase classname="ui.SignupTestCorporate" name="signUpCorporate" time="30.963"/>
  <system-out/>
</testsuite> <!-- ui.SignupTestCorporate -->
