<?xml version="1.0" encoding="UTF-8"?>
<!-- Generated by org.testng.reporters.JUnitReportReporter -->
<testsuite hostname="abby" failures="0" tests="1" name="ui.SigninOtpTest" time="26.595" errors="0" timestamp="2021-11-14T10:56:55 IST" skipped="0">
  <testcase classname="ui.SigninOtpTest" name="OtpTest" time="26.595"/>
  <system-out>
    <![CDATA[website succeesfully opened
customer login page working
 succeesfully password reset
Login with password link also working]]>
  </system-out>
</testsuite> <!-- ui.SigninOtpTest -->
