<?xml version="1.0" encoding="UTF-8"?>
<!-- Generated by org.testng.reporters.JUnitReportReporter -->
<testsuite hostname="abby" failures="0" tests="1" name="ui.LoginTestCustomer" time="48.806" errors="0" timestamp="2021-11-14T10:59:15 IST" skipped="0">
  <testcase classname="ui.LoginTestCustomer" name="LoginCust" time="48.806"/>
  <system-out>
    <![CDATA[website succeesfully opened
customer login page working
 succeesfully logged in]]>
  </system-out>
</testsuite> <!-- ui.LoginTestCustomer -->
