<?xml version="1.0" encoding="UTF-8"?>
<!-- Generated by org.testng.reporters.JUnitReportReporter -->
<testsuite hostname="abby" failures="0" tests="1" name="ui.SignupTest" time="47.513" errors="0" timestamp="2021-11-12T19:53:53 IST" skipped="0">
  <testcase classname="ui.SignupTest" name="signUp" time="47.513"/>
  <system-out/>
</testsuite> <!-- ui.SignupTest -->
